#
# There is insufficient memory for the Java Runtime Environment to continue.
# Native memory allocation (mmap) failed to map 132120576 bytes for Failed to commit area from 0x0000000082600000 to 0x000000008a400000 of length 132120576.
# Possible reasons:
#   The system is out of physical RAM or swap space
#   The process is running with CompressedOops enabled, and the Java Heap may be blocking the growth of the native heap
# Possible solutions:
#   Reduce memory load on the system
#   Increase physical memory or swap space
#   Check if swap backing store is full
#   Decrease Java heap size (-Xmx/-Xms)
#   Decrease number of Java threads
#   Decrease Java thread stack sizes (-Xss)
#   Set larger code cache with -XX:ReservedCodeCacheSize=
# This output file may be truncated or incomplete.
#
#  Out of Memory Error (t:/workspace/open/src/hotspot/os/windows/os_windows.cpp:3264), pid=28624, tid=27484
#
# JRE version:  (12.0.2+10) (build )
# Java VM: Java HotSpot(TM) 64-Bit Server VM (12.0.2+10, mixed mode, aot, sharing, tiered, compressed oops, g1 gc, windows-amd64)
# No core dump will be written. Minidumps are not enabled by default on client versions of Windows
#

---------------  S U M M A R Y ------------

Command Line: -Dfile.encoding=GBK pintuGame.MSXZ

Host: Intel(R) Core(TM) i7-8750H CPU @ 2.20GHz, 12 cores, 7G,  Windows 10 , 64 bit Build 18362 (10.0.18362.329)
Time: Sun Dec 22 15:51:59 2019 ?D1¨²¡À¨º¡Á?¨º¡À?? elapsed time: 0 seconds (0d 0h 0m 0s)

---------------  T H R E A D  ---------------

Current thread (0x0000023f586eb800):  JavaThread "Unknown thread" [_thread_in_vm, id=27484, stack(0x000000a981f00000,0x000000a982000000)]

Stack: [0x000000a981f00000,0x000000a982000000]
Native frames: (J=compiled Java code, j=interpreted, Vv=VM code, C=native code)
V  [jvm.dll+0x63aa2a]
V  [jvm.dll+0x78ce1e]
V  [jvm.dll+0x78e4c1]
V  [jvm.dll+0x78eb13]
V  [jvm.dll+0x2627e8]
V  [jvm.dll+0x637f5a]
V  [jvm.dll+0x62c845]
V  [jvm.dll+0x31e49c]
V  [jvm.dll+0x31e2cf]
V  [jvm.dll+0x324006]
V  [jvm.dll+0x371f56]
V  [jvm.dll+0x371720]
V  [jvm.dll+0x2f845a]
V  [jvm.dll+0x2f96d2]
V  [jvm.dll+0x767267]
V  [jvm.dll+0x7689f5]
V  [jvm.dll+0x380059]
V  [jvm.dll+0x74b794]
V  [jvm.dll+0x3ef5cd]
V  [jvm.dll+0x3f1471]
C  [jli.dll+0x51cf]
C  [ucrtbase.dll+0x20e72]
C  [KERNEL32.DLL+0x17bd4]
C  [ntdll.dll+0x6ced1]


---------------  P R O C E S S  ---------------

Threads class SMR info:
_java_thread_list=0x00007ffef0327928, length=0, elements={
}

Java Threads: ( => current thread )

Other Threads:
  0x0000023f58728000 GCTaskThread "GC Thread#0" [stack: 0x000000a982000000,0x000000a982100000] [id=22128]
  0x0000023f58737800 ConcurrentGCThread "G1 Main Marker" [stack: 0x000000a982100000,0x000000a982200000] [id=20004]
  0x0000023f5873c800 ConcurrentGCThread "G1 Conc#0" [stack: 0x000000a982200000,0x000000a982300000] [id=6352]

[error occurred during error reporting (printing all threads), id 0xc0000005, EXCEPTION_ACCESS_VIOLATION (0xc0000005) at pc=0x00007ffeefb585e7]

VM state:not at safepoint (not fully initialized)

VM Mutex/Monitor currently owned by a thread:  ([mutex/lock_event])
[0x0000023f586e9a90] Heap_lock - owner thread: 0x0000023f586eb800

Heap address: 0x0000000082600000, size: 2010 MB, Compressed Oops mode: Non-zero based: 0x0000000082600000
Narrow klass base: 0x0000000000000000, Narrow klass shift: 0

GC Heap History (0 events):
No events

Deoptimization events (0 events):
No events

Classes redefined (0 events):
No events

Internal exceptions (0 events):
No events

Events (0 events):
No events


Dynamic libraries:
0x00007ff6d8b00000 - 0x00007ff6d8b0f000 	D:\Program Files\Java\jdk-12.0.2\bin\javaw.exe
0x00007fff2a440000 - 0x00007fff2a630000 	C:\Windows\SYSTEM32\ntdll.dll
0x00007fff28990000 - 0x00007fff28a42000 	C:\Windows\System32\KERNEL32.DLL
0x00007fff27470000 - 0x00007fff27713000 	C:\Windows\System32\KERNELBASE.dll
0x00007fff283f0000 - 0x00007fff284ea000 	C:\Windows\System32\ucrtbase.dll
0x00007fff0ef80000 - 0x00007fff0ef96000 	D:\Program Files\Java\jdk-12.0.2\bin\VCRUNTIME140.dll
0x00007fff138b0000 - 0x00007fff138c8000 	D:\Program Files\Java\jdk-12.0.2\bin\jli.dll
0x00007fff28830000 - 0x00007fff288d3000 	C:\Windows\System32\ADVAPI32.dll
0x00007fff29f40000 - 0x00007fff29fde000 	C:\Windows\System32\msvcrt.dll
0x00007fff28a50000 - 0x00007fff28ae7000 	C:\Windows\System32\sechost.dll
0x00007fff291b0000 - 0x00007fff292d0000 	C:\Windows\System32\RPCRT4.dll
0x00007fff28d60000 - 0x00007fff28ef4000 	C:\Windows\System32\USER32.dll
0x00007fff28270000 - 0x00007fff28291000 	C:\Windows\System32\win32u.dll
0x00007fff2a3a0000 - 0x00007fff2a3c6000 	C:\Windows\System32\GDI32.dll
0x00007fff13d50000 - 0x00007fff13fd5000 	C:\Windows\WinSxS\amd64_microsoft.windows.common-controls_6595b64144ccf1df_6.0.18362.535_none_e6c3b34713100821\COMCTL32.dll
0x00007fff27720000 - 0x00007fff278b4000 	C:\Windows\System32\gdi32full.dll
0x00007fff284f0000 - 0x00007fff28826000 	C:\Windows\System32\combase.dll
0x00007fff28350000 - 0x00007fff283ee000 	C:\Windows\System32\msvcp_win.dll
0x00007fff273d0000 - 0x00007fff27450000 	C:\Windows\System32\bcryptPrimitives.dll
0x00007fff1ffc0000 - 0x00007fff1ffca000 	C:\Windows\SYSTEM32\VERSION.dll
0x00007fff2a3d0000 - 0x00007fff2a3fe000 	C:\Windows\System32\IMM32.DLL
0x00007fff04950000 - 0x00007fff049fa000 	D:\Program Files\Java\jdk-12.0.2\bin\msvcp140.dll
0x00007ffeef850000 - 0x00007ffef03c7000 	D:\Program Files\Java\jdk-12.0.2\bin\server\jvm.dll
0x00007fff29f10000 - 0x00007fff29f18000 	C:\Windows\System32\PSAPI.DLL
0x00007fff00f80000 - 0x00007fff00f89000 	C:\Windows\SYSTEM32\WSOCK32.dll
0x00007fff23ac0000 - 0x00007fff23ae4000 	C:\Windows\SYSTEM32\WINMM.dll
0x00007fff29140000 - 0x00007fff291af000 	C:\Windows\System32\WS2_32.dll
0x00007fff23a90000 - 0x00007fff23abd000 	C:\Windows\SYSTEM32\WINMMBASE.dll
0x00007fff28220000 - 0x00007fff2826a000 	C:\Windows\System32\cfgmgr32.dll
0x00007fff27370000 - 0x00007fff27381000 	C:\Windows\System32\kernel.appcore.dll
0x00007fff21700000 - 0x00007fff21711000 	D:\Program Files\Java\jdk-12.0.2\bin\verify.dll
0x00007fff25c40000 - 0x00007fff25e34000 	C:\Windows\SYSTEM32\DBGHELP.DLL
0x00007fff066c0000 - 0x00007fff066ea000 	C:\Windows\SYSTEM32\dbgcore.DLL
0x00007fff15360000 - 0x00007fff15386000 	D:\Program Files\Java\jdk-12.0.2\bin\java.dll
0x00007fff1fd50000 - 0x00007fff1fd67000 	D:\Program Files\Java\jdk-12.0.2\bin\zip.dll
0x00007fff15350000 - 0x00007fff1535a000 	D:\Program Files\Java\jdk-12.0.2\bin\jimage.dll

dbghelp: loaded successfully - version: 4.0.5 - missing functions: none
symbol engine: initialized successfully - sym options: 0x614 - pdb path: .;D:\Program Files\Java\jdk-12.0.2\bin;C:\Windows\SYSTEM32;C:\Windows\WinSxS\amd64_microsoft.windows.common-controls_6595b64144ccf1df_6.0.18362.535_none_e6c3b34713100821;D:\Program Files\Java\jdk-12.0.2\bin\server

VM Arguments:
jvm_args: -Dfile.encoding=GBK 
java_command: pintuGame.MSXZ
java_class_path (initial): D:\Users\16210\eclipse-workspace\KS1\bin
Launcher Type: SUN_STANDARD

[Global flags]
     intx CICompilerCount                          = 4                                         {product} {ergonomic}
     uint ConcGCThreads                            = 3                                         {product} {ergonomic}
     uint G1ConcRefinementThreads                  = 10                                        {product} {ergonomic}
   size_t G1HeapRegionSize                         = 1048576                                   {product} {ergonomic}
    uintx GCDrainStackTargetSize                   = 64                                        {product} {ergonomic}
   size_t InitialHeapSize                          = 132120576                                 {product} {ergonomic}
   size_t MarkStackSize                            = 4194304                                   {product} {ergonomic}
   size_t MaxHeapSize                              = 2107637760                                {product} {ergonomic}
   size_t MinHeapDeltaBytes                        = 1048576                                   {product} {ergonomic}
    uintx NonNMethodCodeHeapSize                   = 5836300                                {pd product} {ergonomic}
    uintx NonProfiledCodeHeapSize                  = 122910970                              {pd product} {ergonomic}
    uintx ProfiledCodeHeapSize                     = 122910970                              {pd product} {ergonomic}
    uintx ReservedCodeCacheSize                    = 251658240                              {pd product} {ergonomic}
     bool SegmentedCodeCache                       = true                                      {product} {ergonomic}
     bool UseCompressedClassPointers               = true                                 {lp64_product} {ergonomic}
     bool UseCompressedOops                        = true                                 {lp64_product} {ergonomic}
     bool UseG1GC                                  = true                                      {product} {ergonomic}
     bool UseLargePagesIndividualAllocation        = false                                  {pd product} {ergonomic}

Logging:
Log output configuration:
 #0: stdout all=warning uptime,level,tags
 #1: stderr all=off uptime,level,tags

Environment Variables:
JAVA_HOME=D:\Program Files\Java\jdk-12.0.2;
CLASSPATH=D:\Program Files\Java\jdk-12.0.2\lib;
PATH=D:/Program Files/Java/jdk-12.0.2/bin/server;D:/Program Files/Java/jdk-12.0.2/bin;D:\Program Files\Java\jdk-12.0.2\bin;D:\Program Files (x86)\NetSarang\Xshell 6\;C:\Windows\system32;C:\Windows;C:\Windows\System32\Wbem;C:\Windows\System32\WindowsPowerShell\v1.0\;C:\Windows\System32\OpenSSH\;C:\Program Files\Intel\WiFi\bin\;C:\Program Files\Common Files\Intel\WirelessCommon\;C:\Program Files (x86)\NVIDIA Corporation\PhysX\Common;D:\Program Files\MySQL\MySQL Utilities 1.4.4\;D:\Program Files\MySQL\MySQL Utilities 1.4.4\Doctrine extensions for PHP\;D:\Program Files\Git\cmd;D:\Users\16210\AppData\Local\Programs\Python\Python37\Scripts\;D:\Users\16210\AppData\Local\Programs\Python\Python37\;C:\Users\16210\AppData\Local\Microsoft\WindowsApps;C:\Program Files\Intel\WiFi\bin\;C:\Program Files\Common Files\Intel\WirelessCommon\;C:\Users\16210\AppData\Local\GitHubDesktop\bin;D:\Users\16210\AppData\Local\Programs\Microsoft VS Code\bin;D:\eclipse-java-2018-12-R-win32-x86_64\eclipse;
USERNAME=16210
OS=Windows_NT
PROCESSOR_IDENTIFIER=Intel64 Family 6 Model 158 Stepping 10, GenuineIntel



---------------  S Y S T E M  ---------------

OS: Windows 10 , 64 bit Build 18362 (10.0.18362.329)

CPU:total 12 (initial active 12) (6 cores per cpu, 2 threads per core) family 6 model 158 stepping 10, cmov, cx8, fxsr, mmx, sse, sse2, sse3, ssse3, sse4.1, sse4.2, popcnt, avx, avx2, aes, clmul, erms, 3dnowpref, lzcnt, ht, tsc, tscinvbit, bmi1, bmi2, adx, fma

Memory: 4k page, system-wide physical 8039M (1814M free)
TotalPageFile size 23144M (AvailPageFile size 94M)
current process WorkingSet (physical memory assigned to process): 10M, peak: 10M
current process commit charge ("private bytes"): 64M, peak: 190M

vm_info: Java HotSpot(TM) 64-Bit Server VM (12.0.2+10) for windows-amd64 JRE (12.0.2+10), built on Jul 16 2019 01:56:17 by "mach5one" with MS VC++ 15.5 (VS2017)

END.
